2024-12-19 21:41:28,879 - INFO - Загрузка файлов из каталога: Prices
2024-12-19 21:41:28,880 - DEBUG - Проверка файла: price_0.csv
2024-12-19 21:41:28,880 - INFO - Обработка файла: Prices\price_0.csv
2024-12-19 21:41:28,880 - DEBUG - Файл Prices\price_0.csv успешно обработан.
2024-12-19 21:41:28,885 - DEBUG - Проверка файла: price_1.csv
2024-12-19 21:41:28,885 - INFO - Обработка файла: Prices\price_1.csv
2024-12-19 21:41:28,886 - DEBUG - Файл Prices\price_1.csv успешно обработан.
2024-12-19 21:41:28,890 - DEBUG - Проверка файла: price_2.csv
2024-12-19 21:41:28,890 - INFO - Обработка файла: Prices\price_2.csv
2024-12-19 21:41:28,890 - DEBUG - Файл Prices\price_2.csv успешно обработан.
2024-12-19 21:41:28,894 - DEBUG - Проверка файла: price_3.csv
2024-12-19 21:41:28,894 - INFO - Обработка файла: Prices\price_3.csv
2024-12-19 21:41:28,895 - DEBUG - Файл Prices\price_3.csv успешно обработан.
2024-12-19 21:41:28,901 - DEBUG - Проверка файла: price_4.csv
2024-12-19 21:41:28,901 - INFO - Обработка файла: Prices\price_4.csv
2024-12-19 21:41:28,901 - DEBUG - Файл Prices\price_4.csv успешно обработан.
2024-12-19 21:41:28,905 - DEBUG - Проверка файла: price_5.csv
2024-12-19 21:41:28,906 - INFO - Обработка файла: Prices\price_5.csv
2024-12-19 21:41:28,906 - DEBUG - Файл Prices\price_5.csv успешно обработан.
2024-12-19 21:41:28,910 - DEBUG - Проверка файла: price_6.csv
2024-12-19 21:41:28,910 - INFO - Обработка файла: Prices\price_6.csv
2024-12-19 21:41:28,910 - DEBUG - Файл Prices\price_6.csv успешно обработан.
2024-12-19 21:41:28,913 - DEBUG - Проверка файла: price_7.csv
2024-12-19 21:41:28,913 - INFO - Обработка файла: Prices\price_7.csv
2024-12-19 21:41:28,914 - DEBUG - Файл Prices\price_7.csv успешно обработан.
2024-12-19 21:41:28,917 - DEBUG - Проверка файла: прайслист_не брать.csv
2024-12-19 21:41:28,917 - INFO - Загрузка цен завершена. Загружено позиций: 647
2024-12-19 21:41:28,918 - INFO - Данные успешно экспортированы в output.html.
2024-12-19 21:41:38,945 - INFO - Найдено 60 позиций по запросу "Горбуша"
2024-12-19 21:41:42,691 - INFO - Найдено 76 позиций по запросу "Филе"
2024-12-19 21:41:47,343 - INFO - Найдено 6 позиций по запросу "Судак"
2024-12-19 21:41:52,469 - INFO - Найдено 4 позиций по запросу "Сдак"
2024-12-19 21:52:20,866 - INFO - Загрузка файлов из каталога: Prices
2024-12-19 21:52:20,866 - DEBUG - Проверка файла: price_0.csv
2024-12-19 21:52:20,867 - INFO - Обработка файла: Prices\price_0.csv
2024-12-19 21:52:20,867 - DEBUG - Файл Prices\price_0.csv успешно обработан.
2024-12-19 21:52:20,868 - DEBUG - Проверка файла: price_1.csv
2024-12-19 21:52:20,868 - INFO - Обработка файла: Prices\price_1.csv
2024-12-19 21:52:20,868 - DEBUG - Файл Prices\price_1.csv успешно обработан.
2024-12-19 21:52:20,869 - DEBUG - Проверка файла: price_2.csv
2024-12-19 21:52:20,869 - INFO - Обработка файла: Prices\price_2.csv
2024-12-19 21:52:20,869 - DEBUG - Файл Prices\price_2.csv успешно обработан.
2024-12-19 21:52:20,870 - DEBUG - Проверка файла: price_3.csv
2024-12-19 21:52:20,870 - INFO - Обработка файла: Prices\price_3.csv
2024-12-19 21:52:20,871 - DEBUG - Файл Prices\price_3.csv успешно обработан.
2024-12-19 21:52:20,871 - DEBUG - Проверка файла: price_4.csv
2024-12-19 21:52:20,871 - INFO - Обработка файла: Prices\price_4.csv
2024-12-19 21:52:20,872 - DEBUG - Файл Prices\price_4.csv успешно обработан.
2024-12-19 21:52:20,872 - DEBUG - Проверка файла: price_5.csv
2024-12-19 21:52:20,872 - INFO - Обработка файла: Prices\price_5.csv
2024-12-19 21:52:20,873 - DEBUG - Файл Prices\price_5.csv успешно обработан.
2024-12-19 21:52:20,877 - DEBUG - Проверка файла: price_6.csv
2024-12-19 21:52:20,877 - INFO - Обработка файла: Prices\price_6.csv
2024-12-19 21:52:20,878 - DEBUG - Файл Prices\price_6.csv успешно обработан.
2024-12-19 21:52:20,879 - DEBUG - Проверка файла: price_7.csv
2024-12-19 21:52:20,879 - INFO - Обработка файла: Prices\price_7.csv
2024-12-19 21:52:20,879 - DEBUG - Файл Prices\price_7.csv успешно обработан.
2024-12-19 21:52:20,880 - DEBUG - Проверка файла: прайслист_не брать.csv
2024-12-19 21:52:20,880 - INFO - Загрузка цен завершена. Загружено позиций: 647
2024-12-19 21:52:20,881 - INFO - Данные успешно экспортированы в output.html.
2024-12-19 21:52:27,749 - INFO - Найдено 60 позиций по запросу "Горбуша"
2024-12-19 21:52:31,278 - INFO - Найдено 6 позиций по запросу "Судак"
2024-12-19 21:52:34,271 - INFO - Ничего не найдено для запроса "Скад"
2024-12-19 21:52:43,829 - INFO - Найдено 4 позиций по запросу "Сдак"
